<?xml version="1.0" encoding="UTF-8"?>
<!-- Generated by org.testng.reporters.JUnitReportReporter -->
<testsuite hostname="DESKTOP-B6NQH76" name="com.wordpress.login.Login_03_BrowserFactoryPattern" tests="1" failures="0" timestamp="3 Nov 2020 05:24:46 GMT" time="5.468" errors="0">
  <testcase name="TC_05_LoginSuccessAndGoToDashboard" time="5.468" classname="com.wordpress.login.Login_03_BrowserFactoryPattern"/>
</testsuite> <!-- com.wordpress.login.Login_03_BrowserFactoryPattern -->
