<?xml version="1.0" encoding="UTF-8"?>
<!-- Generated by org.testng.reporters.JUnitReportReporter -->
<testsuite hostname="DESKTOP-B6NQH76" name="com.bankGuru.user.User_01_ValidateUser" tests="3" failures="0" timestamp="3 Nov 2020 01:41:01 GMT" time="0.013" errors="0">
  <testcase name="TC_02_Validate_Address" time="0.003" classname="com.bankGuru.user.User_01_ValidateUser"/>
  <testcase name="TC_03_Validate_Phone" time="0.001" classname="com.bankGuru.user.User_01_ValidateUser"/>
  <testcase name="TC_01_Validate_Name" time="0.009" classname="com.bankGuru.user.User_01_ValidateUser"/>
</testsuite> <!-- com.bankGuru.user.User_01_ValidateUser -->
