<?xml version="1.0" encoding="UTF-8"?>
<!-- Generated by org.testng.reporters.JUnitReportReporter -->
<testsuite hostname="DESKTOP-B6NQH76" name="com.datatable.Table_01_DynamicDataTable" tests="1" failures="0" timestamp="3 Nov 2020 05:27:15 GMT" time="1.728" errors="0">
  <testcase name="TC_04_DynamicRow" time="1.728" classname="com.datatable.Table_01_DynamicDataTable"/>
</testsuite> <!-- com.datatable.Table_01_DynamicDataTable -->
