<?xml version="1.0" encoding="UTF-8"?>
<!-- Generated by org.testng.reporters.JUnitReportReporter -->
<testsuite hostname="DESKTOP-B6NQH76" name="com.bankGuru.customer.Customer_02_CreateNewCustomer_DynamicElement" tests="4" failures="0" timestamp="3 Nov 2020 01:40:01 GMT" time="56.843" errors="0">
  <testcase name="TC_01_CreateNewCustomerSuccess" time="17.315" classname="com.bankGuru.customer.Customer_02_CreateNewCustomer_DynamicElement"/>
  <testcase name="TC_04_Verify_EditCustomerSuccess" time="7.363" classname="com.bankGuru.customer.Customer_02_CreateNewCustomer_DynamicElement"/>
  <testcase name="TC_02_Verify_CreateNewCustomerSuccess" time="13.735" classname="com.bankGuru.customer.Customer_02_CreateNewCustomer_DynamicElement"/>
  <testcase name="TC_03_EditCustomerSuccess" time="18.430" classname="com.bankGuru.customer.Customer_02_CreateNewCustomer_DynamicElement"/>
</testsuite> <!-- com.bankGuru.customer.Customer_02_CreateNewCustomer_DynamicElement -->
