<?xml version="1.0" encoding="UTF-8"?>
<!-- Generated by org.testng.reporters.JUnitReportReporter -->
<testsuite hostname="DESKTOP-B6NQH76" name="com.bankGuru.user.User_03_EditUser" tests="3" failures="0" timestamp="3 Nov 2020 01:41:01 GMT" time="0.007" errors="0">
  <testcase name="TC_03_Edit_Phone" time="0.001" classname="com.bankGuru.user.User_03_EditUser"/>
  <testcase name="TC_01_Edit_Name" time="0.004" classname="com.bankGuru.user.User_03_EditUser"/>
  <testcase name="TC_02_Edit_Address" time="0.002" classname="com.bankGuru.user.User_03_EditUser"/>
</testsuite> <!-- com.bankGuru.user.User_03_EditUser -->
