<?xml version="1.0" encoding="UTF-8"?>
<!-- Generated by org.testng.reporters.JUnitReportReporter -->
<testsuite hostname="DESKTOP-B6NQH76" name="com.bankGuru.user.User_02_SearchUser" tests="3" failures="0" timestamp="3 Nov 2020 01:41:01 GMT" time="0.002" errors="0">
  <testcase name="TC_02_Search_Address" time="0.001" classname="com.bankGuru.user.User_02_SearchUser"/>
  <testcase name="TC_03_Search_Phone" time="0.000" classname="com.bankGuru.user.User_02_SearchUser"/>
  <testcase name="TC_01_Search_Name" time="0.001" classname="com.bankGuru.user.User_02_SearchUser"/>
</testsuite> <!-- com.bankGuru.user.User_02_SearchUser -->
